/formhtml
/public/styles/errorPage.css
/favicon.ico
/
/favicon.ico
/bin/
/bin/albums.xml
/public/styles/errorPage.css
/bin/albums.xml?artist=bobDylan
/public/styles/errorPage.css
/bin/albums.xml?artist=bob%20Dylan
/public/styles/errorPage.css
/bin/albums.xml?artist=Nick%20Drake
/bin/styles/searchResults.css
/bin/albums.xml?artist=Nick%20Drake
/bin/styles/searchResults.css
/bin/albums.xml?artist=Nick%20Drake
/bin/styles/searchResults.css
/bin/patients.xml?lastName=Browe
/public/styles/errorPage.css
/bin/patients.xml?lastName=Browne
/bin/styles/searchResults.css
